<?xml version="1.0" encoding="UTF-8"?>
<!-- Generated by org.testng.reporters.JUnitXMLReporter -->
<testsuite ignored="0" hostname="Jarvis" failures="0" tests="4" name="Surefire test" time="9.897" errors="0" timestamp="2025-02-10T06:19:18 IST">
  <testcase classname="api.test.UserTests" name="testPostUser" time="3.551"/>
  <testcase classname="api.test.UserTests" name="testGetUserByName" time="1.391"/>
  <testcase classname="api.test.UserTests" name="testUpdateUserByName" time="2.657"/>
  <testcase classname="api.test.UserTests" name="testDeleteUserByName" time="1.327"/>
</testsuite> <!-- Surefire test -->
