<?xml version="1.0" encoding="UTF-8"?>
<!-- Generated by org.testng.reporters.JUnitXMLReporter -->
<testsuite ignored="0" hostname="Jarvis" failures="0" tests="4" name="Default test" time="11.502" errors="0" timestamp="2025-02-06T01:14:15 IST">
  <testcase classname="api.test.UserTests" name="testPostUser" time="3.978"/>
  <testcase classname="api.test.UserTests" name="testGetUserByName" time="1.613"/>
  <testcase classname="api.test.UserTests" name="testUpdateUserByName" time="3.269"/>
  <testcase classname="api.test.UserTests" name="testDeleteUserByName" time="1.513"/>
</testsuite> <!-- Default test -->
