<?xml version="1.0" encoding="UTF-8"?>
<!-- Generated by org.testng.reporters.JUnitXMLReporter -->
<testsuite ignored="0" hostname="Jarvis" failures="0" tests="4" name="Test" time="10.735" errors="0" timestamp="2025-02-07T12:04:01 IST">
  <testcase classname="api.test.UserTests" name="testPostUser" time="3.779"/>
  <testcase classname="api.test.UserTests" name="testGetUserByName" time="1.303"/>
  <testcase classname="api.test.UserTests" name="testUpdateUserByName" time="2.591"/>
  <testcase classname="api.test.UserTests" name="testDeleteUserByName" time="1.344"/>
</testsuite> <!-- Test -->
