<?xml version="1.0" encoding="UTF-8"?>
<testng-results ignored="0" total="4" passed="4" failed="0" skipped="0">
  <reporter-output>
  </reporter-output>
  <suite started-at="2025-02-10T06:19:09 IST" name="Surefire suite" finished-at="2025-02-10T06:19:18 IST" duration-ms="9897">
    <groups>
    </groups>
    <test started-at="2025-02-10T06:19:09 IST" name="Surefire test" finished-at="2025-02-10T06:19:18 IST" duration-ms="9897">
      <class name="api.test.UserTests">
        <test-method is-config="true" signature="setup()[pri:0, instance:api.test.UserTests@7f552bd3]" started-at="2025-02-10T06:19:09 IST" name="setup" finished-at="2025-02-10T06:19:09 IST" duration-ms="923" status="PASS">
          <reporter-output>
          </reporter-output>
        </test-method> <!-- setup -->
        <test-method signature="testPostUser()[pri:1, instance:api.test.UserTests@7f552bd3]" started-at="2025-02-10T06:19:09 IST" name="testPostUser" finished-at="2025-02-10T06:19:13 IST" duration-ms="3551" status="PASS">
          <reporter-output>
          </reporter-output>
        </test-method> <!-- testPostUser -->
        <test-method signature="testGetUserByName()[pri:2, instance:api.test.UserTests@7f552bd3]" started-at="2025-02-10T06:19:13 IST" name="testGetUserByName" finished-at="2025-02-10T06:19:14 IST" duration-ms="1391" status="PASS">
          <reporter-output>
          </reporter-output>
        </test-method> <!-- testGetUserByName -->
        <test-method signature="testUpdateUserByName()[pri:3, instance:api.test.UserTests@7f552bd3]" started-at="2025-02-10T06:19:14 IST" name="testUpdateUserByName" finished-at="2025-02-10T06:19:17 IST" duration-ms="2657" status="PASS">
          <reporter-output>
          </reporter-output>
        </test-method> <!-- testUpdateUserByName -->
        <test-method signature="testDeleteUserByName()[pri:4, instance:api.test.UserTests@7f552bd3]" started-at="2025-02-10T06:19:17 IST" name="testDeleteUserByName" finished-at="2025-02-10T06:19:18 IST" duration-ms="1327" status="PASS">
          <reporter-output>
          </reporter-output>
        </test-method> <!-- testDeleteUserByName -->
      </class> <!-- api.test.UserTests -->
    </test> <!-- Surefire test -->
  </suite> <!-- Surefire suite -->
</testng-results>
